Ok("\u{1b}[?2004h\r\n\u{1b}[1;36m~/dev/typyr\u{1b}[0m on \u{1b}[1;35mdev\u{1b}[0m \u{1b}[1;31m[!?]\u{1b}[0m is \u{1b}[1;38;5;208m📦 v0.1.0\u{1b}[0m via \u{1b}[1;31m🦀 v1.88.0 \u{1b}[0m\r\nat \u{1b}[1;33m01:09:02\u{1b}[0m \u{1b}[1;32m❯\u{1b}[0m ")
Ok("\r\u{1b}[K\r")
Ok("\u{1b}[?7l\u{1b}[?25l\u{1b}[J\u{1b}[6n\u{1b}[?25h\u{1b}[?7h")
Ok("\u{1b}[?7l\u{1b}[?25l\n\u{1b}[G\n\u{1b}[G\n\u{1b}[G\n\u{1b}[G\n\u{1b}[G\n\u{1b}[G\n\u{1b}[G\n\u{1b}[G\n\u{1b}[G\n\u{1b}[G\n\u{1b}[G\n\u{1b}[G\n\u{1b}[G\n\u{1b}[G\n\u{1b}[G\n\u{1b}[G\n\u{1b}[G\n\u{1b}[G\n\u{1b}[G\n\u{1b}[G\n\u{1b}[G\u{1b}[?2004h\u{1b}[21A\u{1b}[G\u{1b}[K\r\r\u{1b}[;m                                                                                                                               \r\u{1b}[1B\r\u{1b}[;m                                                                                                                               \r\u{1b}[1B\r\u{1b}[;m                                                                                                                               \r\u{1b}[1B\r\u{1b}[;m                                                                                                                               \r\u{1b}[1B\r\u{1b}[;m                                                                                                                               \r\u{1b}[1B\r\u{1b}[;m                                                                                                                               \r\u{1b}[1B\r\u{1b}[;m                                                                                                                               \r\u{1b}[1B\r\u{1b}[;m                                                                                                                               \r\u{1b}[1B\r\u{1b}[;m                                                                                                                               \r\u{1b}[1B\r\u{1b}[;m                                                                                                                               \r\u{1b}[1B\r\u{1b}[;m                                                                                                                               \r\u{1b}[1B\r\u{1b}[;m                                                                                                                               \r\u{1b}[1B\r\u{1b}[;m                                                                                                                               \r\u{1b}[1B\r\u{1b}[;m                                                                                                                               \r\u{1b}[1B\r\u{1b}[;m                                                                                                                               \r\u{1b}[1B\r\u{1b}[;m                                                                                                                               \r\u{1b}[1B\r\u{1b}[;m                                                                                                                               \r\u{1b}[1B\r\u{1b}[;m                                                                                                                               \r\u{1b}[1B\r\u{1b}[;m                                                                                                                               \r\u{1b}[1B\r\u{1b}[;m                                                                                                                               \r\u{1b}[1B\r\u{1b}[;m                                                                                                                               \r\u{1b}[1B\r\u{1b}[;m                                                                                                                               \r\u{1b}[21A\r\u{1b}[21B\r\u{1b}[;m                                                                                                                               \r\u{1b}[;1;38;5;110m>\u{1b}[0m\u{1b}[;38;5;110m \u{1b}[0m\u{1b}[;1m\u{1b}[0m\u{1b}[;1m\u{1b}[0m\u{1b}[2A\r\u{1b}[;1;38;5;161;48;5;236m▌\u{1b}[0m\u{1b}[;48;5;236m \u{1b}[0m\u{1b}[;1;38;5;254;48;5;236m998     exit\u{1b}[0m\u{1b}[;1;38;5;254;48;5;236m                                                                                                                \u{1b}[0m\r\u{1b}[126C\u{1b}[;m \r\u{1b}[126C\u{1b}[;38;5;59m│\u{1b}[0m\u{1b}[1A\r\u{1b}[;48;5;236m \u{1b}[0m\u{1b}[;m \u{1b}[;m997     ntesrantseiansteir\u{1b}[0m\u{1b}[;m                                                                                                  \r\u{1b}[126C\u{1b}[;m \r\u{1b}[126C\u{1b}[1A\r\u{1b}[;48;5;236m \u{1b}[0m\u{1b}[;m \u{1b}[;m996     tsra\u{1b}[0m\u{1b}[;m                                                                                                                \r\u{1b}[126C\u{1b}[;m \r\u{1b}[126C\u{1b}[1A\r\u{1b}[;48;5;236m \u{1b}[0m\u{1b}[;m \u{1b}[;m995     tsrnaie\u{1b}[0m\u{1b}[;m                                                                                       ")
Ok("                      \r\u{1b}[126C\u{1b}[;m \r\u{1b}[126C\u{1b}[1A\r\u{1b}[;48;5;236m \u{1b}[0m\u{1b}[;m \u{1b}[;m993     ntsare\u{1b}[0m\u{1b}[;m                                                                                                              \r\u{1b}[126C\u{1b}[;m \r\u{1b}[126C\u{1b}[1A\r\u{1b}[;48;5;236m \u{1b}[0m\u{1b}[;m \u{1b}[;m992     tesirntserintseri\u{1b}[0m\u{1b}[;m                                                                                                   \r\u{1b}[126C\u{1b}[;m \r\u{1b}[126C\u{1b}[1A\r\u{1b}[;48;5;236m \u{1b}[0m\u{1b}[;m \u{1b}[;m991     tnesir\u{1b}[0m\u{1b}[;m                                                                                                              \r\u{1b}[126C\u{1b}[;m \r\u{1b}[126C\u{1b}[1A\r\u{1b}[;48;5;236m \u{1b}[0m\u{1b}[;m \u{1b}[;m990     tsienar\u{1b}[0m\u{1b}[;m                                                                                                             \r\u{1b}[126C\u{1b}[;m \r\u{1b}[126C\u{1b}[1A\r\u{1b}[;48;5;236m \u{1b}[0m\u{1b}[;m \u{1b}[;m989     teisran\u{1b}[0m\u{1b}[;m                                                                                                             \r\u{1b}[126C\u{1b}[;m \r\u{1b}[126C\u{1b}[1A\r\u{1b}[;48;5;236m \u{1b}[0m\u{1b}[;m \u{1b}[;m988     tnseira\u{1b}[0m\u{1b}[;m                                                                                                             \r\u{1b}[126C\u{1b}[;m \r\u{1b}[126C\u{1b}[1A\r\u{1b}[;48;5;236m \u{1b}[0m\u{1b}[;m \u{1b}[;m987     nsretonetisra\u{1b}[0m\u{1b}[;m                                                                                                       \r\u{1b}[126C\u{1b}[;m \r\u{1b}[126C\u{1b}[1A\r\u{1b}[;48;5;236m \u{1b}[0m\u{1b}[;m \u{1b}[;m985     ls\u{1b}[0m\u{1b}[;m                                                                                                                  \r\u{1b}[126C\u{1b}[;m \r\u{1b}[126C\u{1b}[1A\r\u{1b}[;48;5;236m \u{1b}[0m\u{1b}[;m \u{1b}[;m984     tsrnaeo\u{1b}[0m\u{1b}[;m                                                                                                             \r\u{1b}[126C\u{1b}[;m \r\u{1b}[126C\u{1b}[1A\r\u{1b}[;48;5;236m \u{1b}[0m\u{1b}[;m \u{1b}[;m981     why dose this thing keep flashing?\u{1b}[0m\u{1b}[;m                                                                                  \r\u{1b}[126C\u{1b}[;m \r\u{1b}[126C\u{1b}[1A\r\u{1b}[;48;5;236m \u{1b}[0m\u{1b}[;m \u{1b}[;m980     vim \u{1b}[0m\u{1b}[;m                                                                                                                \r\u{1b}[126C\u{1b}[;m \r\u{1b}[126C\u{1b}[1A\r\u{1b}[;48;5;236m \u{1b}[0m\u{1b}[;m \u{1b}[;m976     vim\u{1b}[0m\u{1b}[;m                                                                                                                 \r\u{1b}[126C\u{1b}[;m \r\u{1b}[126C\u{1b}[1A\r\u{1b}[;48;5;236m \u{1b}[0m\u{1b}[;m \u{1b}[;m971     im\u{1b}[0m\u{1b}[;m                                                                                                                  \r\u{1b}[126C\u{1b}[;m \r\u{1b}[126C\u{1b}[1A\r\u{1b}[;48;5;236m \u{1b}[0m\u{1b}[;m \u{1b}[;m969     ls 0la\u{1b}[0m\u{1b}[;m                                                                                                              \r\u{1b}[126C\u{1b}[;m \r\u{1b}[126C\u{1b}[1A\r\u{1b}[;48;5;236m \u{1b}[0m\u{1b}[;m \u{1b}[;m967     reset\u{1b}[0m\u{1b}[;m                                                                                                               \r\u{1b}[126C\u{1b}[;m \r\u{1b}[126C\u{1b}[1A\r\u{1b}[;48;5;236m \u{1b}[0m\u{1b}[;m \u{1b}[;m960     tail -f cb.log \u{1b}[0m\u{1b}[;m                                                                                                     \r\u{1b}[126C\u{1b}[;m \r\u{1b}[126C\u{1b}[20B\r\u{1b}[;m \u{1b}[;m \u{1b}[;38;5;144m293/293 +S\u{1b}[0m\u{1b}[;38;5;59m \u{1b}[0m\u{1b}[;38;5;59m─────────────────────────────────────────────────────────────────────────────────────────────────────────────────\u{1b}[0m\u{1b}[;m \u{1b}[1B\r\u{1b}[2C\u{1b}[?25h\u{1b}[?7h")
Ok("\u{1b}[?7l\u{1b}[?25l\r\u{1b}[2C\u{1b}[?25h\u{1b}[?7h")
Ok("\u{1b}[?7l\u{1b}[?25l\u{1b}[21A\r\u{1b}[J\u{1b}[?2004l\u{1b}[?25h\u{1b}[?7h")
Ok("\u{1b}[?2004h\r\n\u{1b}[1;36m~/dev/typyr\u{1b}[0m on \u{1b}[1;35mdev\u{1b}[0m \u{1b}[1;31m[!?]\u{1b}[0m is \u{1b}[1;38;5;208m📦 v0.1.0\u{1b}[0m via \u{1b}[1;31m🦀 v1.88.0 \u{1b}[0m\r\nat \u{1b}[1;33m01:16:19\u{1b}[0m \u{1b}[1;32m❯\u{1b}[0m ")
Ok("\u{1b}[H\u{1b}[2J\r\n\u{1b}[1;36m~/dev/typyr\u{1b}[0m on \u{1b}[1;35mdev\u{1b}[0m \u{1b}[1;31m[!?]\u{1b}[0m is \u{1b}[1;38;5;208m📦 v0.1.0\u{1b}[0m via \u{1b}[1;31m🦀 v1.88.0 \u{1b}[0m\r\n")
Ok("at \u{1b}[1;33m01:16:19\u{1b}[0m \u{1b}[1;32m❯\u{1b}[0m ")
Ok("e")
Ok("x")
Ok("i")
Ok("t")
Ok("\r\n\u{1b}[?2004l\r")
Ok("exit\r\n")
Ok("\r\nthread 'main' panicked at src/main.rs:73:39:\r\nmissing argument\r\nnote: run with `RUST_BACKTRACE=1` environment variable to display a backtrace\r\n")
Ok("\u{1b}[?1049h\u{1b}[22;0;0t\u{1b}[?1h\u{1b}=\u{1b}[H\u{1b}[2J\u{1b}[?12l\u{1b}[?25h\u{1b}[?1000l\u{1b}[?1002l\u{1b}[?1003l\u{1b}[?1006l\u{1b}[?1005l\u{1b}[?2004h\u{1b}(B\u{1b}[m\u{1b}[?12l\u{1b}[?25h\u{1b}[?1006l\u{1b}[?1000l\u{1b}[?1002l\u{1b}[?1003l\u{1b}[1;1H\u{1b}[1;26r\u{1b}[c\u{1b}[>c\u{1b}[>q\u{1b}]10;?\u{1b}\\\u{1b}]11;?\u{1b}\\\u{1b}[1;1H\u{1b}[?1006l\u{1b}[?1000l\u{1b}[?1002l\u{1b}[?1003l\u{1b}[?1006h\u{1b}[?1000h\u{1b}[?1002h")
Ok("\u{1b}[?25l\u{1b}[K\r\n\u{1b}[K\r\n\u{1b}[K\r\n\u{1b}[K\r\n\u{1b}[K\r\n\u{1b}[K\r\n\u{1b}[K\r\n\u{1b}[K\r\n\u{1b}[K\r\n\u{1b}[K\r\n\u{1b}[K\r\n\u{1b}[K\r\n\u{1b}[K\r\n\u{1b}[K\r\n\u{1b}[K\r\n\u{1b}[K\r\n\u{1b}[K\r\n\u{1b}[K\r\n\u{1b}[K\r\n\u{1b}[K\r\n\u{1b}[K\r\n\u{1b}[K\r\n\u{1b}[K\r\n\u{1b}[K\r\n\u{1b}[K\u{1b}[30m\u{1b}[42m\r\n[0] 1:bash*                                                                                            \"fedora\" 01:19 12-Jul-25\u{1b}(B\u{1b}[m\u{1b}[?12l\u{1b}[?25h\u{1b}[1;1H")
Ok("\u{1b}(B\u{1b}[m\u{1b}[?12l\u{1b}[?25h\u{1b}[?1006l\u{1b}[?1000l\u{1b}[?1002l\u{1b}[?1003l\u{1b}[1;1H\u{1b}[1;26r\u{1b}[1;1H\u{1b}[?1006l\u{1b}[?1000l\u{1b}[?1002l\u{1b}[?1003l\u{1b}[?1006h\u{1b}[?1000h\u{1b}[?1002h\u{1b}[?25l\u{1b}[K\r\n\u{1b}[K\r\n\u{1b}[K\r\n\u{1b}[K\r\n\u{1b}[K\r\n\u{1b}[K\r\n\u{1b}[K\r\n\u{1b}[K\r\n\u{1b}[K\r\n\u{1b}[K\r\n\u{1b}[K\r\n\u{1b}[K\r\n\u{1b}[K\r\n\u{1b}[K\r\n\u{1b}[K\r\n\u{1b}[K\r\n\u{1b}[K\r\n\u{1b}[K\r\n\u{1b}[K\r\n\u{1b}[K\r\n\u{1b}[K\r\n\u{1b}[K\r\n\u{1b}[K\r\n\u{1b}[K\r\n\u{1b}[K\u{1b}[30m\u{1b}[42m\r\n[0] 1:bash*                                                                                            \"fedora\" 01:19 12-Jul-25\u{1b}(B\u{1b}[m\u{1b}[?12l\u{1b}[?25h\u{1b}[1;1H")
Ok("^[[?")
Ok("6")
Ok("5")
Ok(";")
Ok("4")
Ok(";")
Ok("6")
Ok(";")
Ok("1")
Ok("8")
Ok(";")
Ok("2")
Ok("2")
Ok(";")
Ok("5")
Ok("2")
Ok("c")
Ok("^[[>")
Ok("1")
Ok(";")
Ok("2")
Ok("7")
Ok("7")
Ok(";")
Ok("0")
Ok("c")
Ok("^[P>|WezT")
Ok("erm 2")
Ok("025")
Ok("0")
Ok("7")
Ok("01")
Ok("_")
Ok("0")
Ok("7")
Ok("4")
Ok("7")
Ok("2")
Ok("3")
Ok("_")
Ok("5")
Ok("467")
Ok("5")
Ok("c")
Ok("9")
Ok("c")
Ok("^[\\")
Ok("^[]10;")
Ok("r")
Ok("g")
Ok("b")
Ok(":")
Ok("3")
Ok("8")
Ok("3")
Ok("8")
Ok("/")
Ok("3")
Ok("a")
Ok("3")
Ok("a")
Ok("/")
Ok("4")
Ok("2")
Ok("4")
Ok("2")
Ok("^[\\")
Ok("^[]11;")
Ok("r")
Ok("g")
Ok("b")
Ok(":")
Ok("f")
Ok("a")
Ok("f")
Ok("a")
Ok("/")
Ok("f")
Ok("af")
Ok("a")
Ok("/")
Ok("f")
Ok("a")
Ok("f")
Ok("a")
Ok("^[\\")
Ok("\u{1b}[?25l\u{1b}[?12l\u{1b}[?25h")
Ok("\r\n\u{1b}[36m\u{1b}[1m~/dev/typyr\u{1b}(B\u{1b}[m on \u{1b}[35m\u{1b}[1mdev\u{1b}(B\u{1b}[m \u{1b}[31m\u{1b}[1m[!?]\u{1b}(B\u{1b}[m is \u{1b}[38;5;208m\u{1b}[1m📦 v0.1.0\u{1b}(B\u{1b}[m via \u{1b}[31m\u{1b}[1m🦀 v1.88.0 \r\n\u{1b}(B\u{1b}[mat \u{1b}[33m\u{1b}[1m01:19:55\u{1b}(B\u{1b}[m \u{1b}[32m\u{1b}[1m❯\u{1b}(B\u{1b}[m \u{7}")
Ok(":>|WezTerm 20250701_074723_54675c9c^[\\^[\u{1b}[K\u{7}]10;rgb:3838/3a3a/4242^[\\^[]11;rgb:fafa/fafa/")
Ok("fafa^[\\")
Ok("\u{1b}[16G\u{1b}[K")
Ok("^L")
Ok("\u{8}\u{8}\u{1b}[K")
Ok("\u{7}")
Ok("\u{7}")
Ok("\u{1b}[?7727h\u{1b}(B\u{1b}[m\u{1b}[?12l\u{1b}[?25h\u{1b}[?1006l\u{1b}[?1000l\u{1b}[?1002l\u{1b}[?1003l\u{1b}[1;1H\u{1b}[1;26r\u{1b}[3;16H\u{1b}[?1006l\u{1b}[?1000l\u{1b}[?1002l\u{1b}[?1003l\u{1b}[?1006h\u{1b}[?1000h\u{1b}[?1002h")
Ok("\u{1b}[?25l\u{1b}[H^[[?65;4;6;18;22;52c^[[>1;277;0c^[P>|WezTerm 20250701_074723_54675c9c^[\\^[]10;rgb:3838/3a3a/4242^[\\^[]11;rgb:fafa/fafa/fafa^[\\\u{1b}[K\u{1b}[36m\u{1b}[1m\r\n~/dev/typyr\u{1b}(B\u{1b}[m on \u{1b}[35m\u{1b}[1mdev\u{1b}(B\u{1b}[m \u{1b}[31m\u{1b}[1m[!?]\u{1b}(B\u{1b}[m is \u{1b}[38;5;208m\u{1b}[1m📦 v0.1.0\u{1b}(B\u{1b}[m via \u{1b}[31m\u{1b}[1m🦀 v1.88.0 \u{1b}(B\u{1b}[m\u{1b}[K\r\nat \u{1b}[33m\u{1b}[1m01:19:55\u{1b}(B\u{1b}[m \u{1b}[32m\u{1b}[1m❯\u{1b}(B\u{1b}[m :\u{1b}[K\r\n\u{1b}[K\r\n\u{1b}[K\r\n\u{1b}[K\r\n\u{1b}[K\r\n\u{1b}[K\r\n\u{1b}[K\r\n\u{1b}[K\r\n\u{1b}[K\r\n\u{1b}[K\r\n\u{1b}[K\r\n\u{1b}[K\r\n\u{1b}[K\r\n\u{1b}[K\r\n\u{1b}[K\r\n\u{1b}[K\r\n\u{1b}[K\r\n\u{1b}[K\r\n\u{1b}[K\r\n\u{1b}[K\r\n\u{1b}[K\r\n\u{1b}[K\r\n\u{1b}[K\u{1b}[30m\u{1b}[42m\r\n[0] 1:bash*                                                                                            \"fedora\" 01:19 12-Jul-25\u{1b}(B\u{1b}[m\u{1b}[?12l\u{1b}[?25h\u{1b}[3;16H")
Ok("^C\r\r\n")
Ok("\u{1b}[?25l\u{1b}[30m\u{1b}[42m\u{1b}[26d[0] 1:bash*                                                                                            \"fedora\" 01:20 12-Jul-25\u{1b}(B\u{1b}[m\u{1b}[?12l\u{1b}[?25h\u{1b}[4;1H")
Ok("\r\n\u{1b}[36m\u{1b}[1m~/dev/typyr\u{1b}(B\u{1b}[m on \u{1b}[35m\u{1b}[1mdev\u{1b}(B\u{1b}[m \u{1b}[31m\u{1b}[1m[!?]\u{1b}(B\u{1b}[m is \u{1b}[38;5;208m\u{1b}[1m📦 v0.1.0\u{1b}(B\u{1b}[m via \u{1b}[31m\u{1b}[1m🦀 v1.88.0 \r\n\u{1b}(B\u{1b}[mat \u{1b}[33m\u{1b}[1m01:20:00\u{1b}(B\u{1b}[m \u{1b}[31m\u{1b}[1m❯\u{1b}(B\u{1b}[m ")
Ok("^C\r\r\n")
Ok("\u{1b}[?25l\u{1b}[?12l\u{1b}[?25h")
Ok("\r\n\u{1b}[36m\u{1b}[1m~/dev/typyr\u{1b}(B\u{1b}[m on \u{1b}[35m\u{1b}[1mdev\u{1b}(B\u{1b}[m \u{1b}[31m\u{1b}[1m[!?]\u{1b}(B\u{1b}[m is \u{1b}[38;5;208m\u{1b}[1m📦 v0.1.0\u{1b}(B\u{1b}[m via \u{1b}[31m\u{1b}[1m🦀 v1.88.0 \r\n\u{1b}(B\u{1b}[mat \u{1b}[33m\u{1b}[1m01:20:00\u{1b}(B\u{1b}[m \u{1b}[31m\u{1b}[1m❯\u{1b}(B\u{1b}[m ")
Ok("^C\r\n")
Ok("\u{1b}[?25l\u{1b}[?12l\u{1b}[?25h")
Ok("\r\n\u{1b}[36m\u{1b}[1m~/dev/typyr\u{1b}(B\u{1b}[m on \u{1b}[35m\u{1b}[1mdev\u{1b}(B\u{1b}[m \u{1b}[31m\u{1b}[1m[!?]\u{1b}(B\u{1b}[m is \u{1b}[38;5;208m\u{1b}[1m📦 v0.1.0\u{1b}(B\u{1b}[m via \u{1b}[31m\u{1b}[1m🦀 v1.88.0 \r\n\u{1b}(B\u{1b}[mat \u{1b}[33m\u{1b}[1m01:20:00\u{1b}(B\u{1b}[m \u{1b}[31m\u{1b}[1m❯\u{1b}(B\u{1b}[m ")
Ok("^C\r\n")
Ok("\u{1b}[?25l\u{1b}[?12l\u{1b}[?25h")
Ok("\r\n\u{1b}[36m\u{1b}[1m~/dev/typyr\u{1b}(B\u{1b}[m on \u{1b}[35m\u{1b}[1mdev\u{1b}(B\u{1b}[m \u{1b}[31m\u{1b}[1m[!?]\u{1b}(B\u{1b}[m is \u{1b}[38;5;208m\u{1b}[1m📦 v0.1.0\u{1b}(B\u{1b}[m via \u{1b}[31m\u{1b}[1m🦀 v1.88.0 \r\n\u{1b}(B\u{1b}[mat \u{1b}[33m\u{1b}[1m01:20:00\u{1b}(B\u{1b}[m \u{1b}[31m\u{1b}[1m❯\u{1b}(B\u{1b}[m ")
Ok("\u{1b}[1;25r\u{1b}[25S\u{1b}[2;1H\u{1b}[36m\u{1b}[1m~/dev/typyr\u{1b}(B\u{1b}[m on \u{1b}[35m\u{1b}[1mdev\u{1b}(B\u{1b}[m \u{1b}[31m\u{1b}[1m[!?]\u{1b}(B\u{1b}[m is \u{1b}[38;5;208m\u{1b}[1m📦 v0.1.0\u{1b}(B\u{1b}[m via \u{1b}[31m\u{1b}[1m🦀 v1.88.0 \r\n\u{1b}(B\u{1b}[mat \u{1b}[33m\u{1b}[1m01:20:00\u{1b}(B\u{1b}[m \u{1b}[31m\u{1b}[1m❯\u{1b}(B\u{1b}[m \u{1b}[1;26r\u{1b}[3;15H")
Ok("\u{1b}[?25l\u{1b}[30m\u{1b}[42m\u{1b}[26;1H[0] 1:bash*                                                                                   \u{1b}[7m<Prefix>\u{1b}(B\u{1b}[m\u{1b}[30m\u{1b}[42m \"fedora\" 01:20 12-Jul-25\u{1b}(B\u{1b}[m\u{1b}[?12l\u{1b}[?25h\u{1b}[3;15H")
Ok("\u{1b}[?25l\u{1b}[H\u{1b}[K\r\n\u{1b}[K\r\n\u{1b}[K\r\n\u{1b}[K\r\n\u{1b}[K\r\n\u{1b}[K\r\n\u{1b}[K\r\n\u{1b}[K\r\n\u{1b}[K\r\n\u{1b}[K\r\n\u{1b}[K\r\n\u{1b}[K\r\n\u{1b}[K\r\n\u{1b}[K\r\n\u{1b}[K\r\n\u{1b}[K\r\n\u{1b}[K\r\n\u{1b}[K\r\n\u{1b}[K\r\n\u{1b}[K\r\n\u{1b}[K\r\n\u{1b}[K\r\n\u{1b}[K\r\n\u{1b}[K\r\n\u{1b}[K\u{1b}[30m\u{1b}[42m\r\n[0] 1:bash- 2:bash*                                                                                    \"fedora\" 01:20 12-Jul-25\u{1b}(B\u{1b}[m\u{1b}[?12l\u{1b}[?25h\u{1b}[1;1H")
Ok("\u{1b}[?25l\u{1b}[?12l\u{1b}[?25h")
Ok("\r\n\u{1b}[36m\u{1b}[1m~/dev/typyr\u{1b}(B\u{1b}[m on \u{1b}[35m\u{1b}[1mdev\u{1b}(B\u{1b}[m \u{1b}[31m\u{1b}[1m[!?]\u{1b}(B\u{1b}[m is \u{1b}[38;5;208m\u{1b}[1m📦 v0.1.0\u{1b}(B\u{1b}[m via \u{1b}[31m\u{1b}[1m🦀 v1.88.0 \r\n\u{1b}(B\u{1b}[mat \u{1b}[33m\u{1b}[1m01:20:05\u{1b}(B\u{1b}[m \u{1b}[32m\u{1b}[1m❯\u{1b}(B\u{1b}[m ")
Ok("e")
Ok("x")
Ok("i")
Ok("t")
Ok("\r\n")
Ok("logout\r\n")
Ok("\u{1b}[?25l\u{1b}[H\u{1b}[K\u{1b}[36m\u{1b}[1m\r\n~/dev/typyr\u{1b}(B\u{1b}[m on \u{1b}[35m\u{1b}[1mdev\u{1b}(B\u{1b}[m \u{1b}[31m\u{1b}[1m[!?]\u{1b}(B\u{1b}[m is \u{1b}[38;5;208m\u{1b}[1m📦 v0.1.0\u{1b}(B\u{1b}[m via \u{1b}[31m\u{1b}[1m🦀 v1.88.0 \u{1b}(B\u{1b}[m\u{1b}[K\r\nat \u{1b}[33m\u{1b}[1m01:20:00\u{1b}(B\u{1b}[m \u{1b}[31m\u{1b}[1m❯\u{1b}(B\u{1b}[m \u{1b}[K\r\n\u{1b}[K\r\n\u{1b}[K\r\n\u{1b}[K\r\n\u{1b}[K\r\n\u{1b}[K\r\n\u{1b}[K\r\n\u{1b}[K\r\n\u{1b}[K\r\n\u{1b}[K\r\n\u{1b}[K\r\n\u{1b}[K\r\n\u{1b}[K\r\n\u{1b}[K\r\n\u{1b}[K\r\n\u{1b}[K\r\n\u{1b}[K\r\n\u{1b}[K\r\n\u{1b}[K\r\n\u{1b}[K\r\n\u{1b}[K\r\n\u{1b}[K\r\n\u{1b}[K\u{1b}[30m\u{1b}[42m\r\n[0] 1:bash*                                                                                            \"fedora\" 01:20 12-Jul-25\u{1b}(B\u{1b}[m\u{1b}[?12l\u{1b}[?25h\u{1b}[3;15H")
Ok("e")
Ok("x")
Ok("i")
Ok("t")
Ok("\r\n")
Ok("logout\r\n")
Ok("\u{1b}[1;26r\u{1b}(B\u{1b}[m\u{1b}[?1l\u{1b}>\u{1b}[H\u{1b}[2J\u{1b}[?12l\u{1b}[?25h\u{1b}[?1000l\u{1b}[?1002l\u{1b}[?1003l\u{1b}[?1006l\u{1b}[?1005l\u{1b}[?2004l\u{1b}[?7727l\u{1b}[?1004l\u{1b}[?1049l\u{1b}[23;0;0t")
Ok("[exited]\r\n")
